2021-06-11 00:00:09,533 INFO PERFORMANCE:|11|0|-1|-1

2021-06-11 00:09:51,212 INFO PERFORMANCE:|11|0|-1|-1

2021-06-11 00:43:03,082 INFO PERFORMANCE:|11|0|-1|-1

2021-06-11 01:16:13,277 INFO PERFORMANCE:|11|0|-1|-1

2021-06-11 01:49:32,370 INFO PERFORMANCE:|11|0|-1|-1

2021-06-11 02:22:53,971 INFO PERFORMANCE:|11|0|-1|-1

2021-06-11 02:51:23,459 INFO PERFORMANCE:|11|0|-1|-1

2021-06-11 03:21:25,605 INFO PERFORMANCE:|11|0|-1|-1

2021-06-11 03:55:02,683 INFO PERFORMANCE:|11|0|-1|-1

2021-06-11 04:24:03,221 INFO PERFORMANCE:|11|0|-1|-1

2021-06-11 04:57:41,375 INFO PERFORMANCE:|11|0|-1|-1

2021-06-11 05:31:19,460 INFO PERFORMANCE:|11|0|-1|-1

2021-06-11 06:04:57,517 INFO PERFORMANCE:|11|0|-1|-1

2021-06-11 06:33:48,613 INFO PERFORMANCE:|11|0|-1|-1

2021-06-11 07:07:26,884 INFO PERFORMANCE:|11|0|-1|-1

2021-06-11 07:41:04,934 INFO PERFORMANCE:|11|0|-1|-1

2021-06-11 08:14:42,192 INFO PERFORMANCE:|11|0|-1|-1

2021-06-11 08:48:19,386 INFO PERFORMANCE:|11|0|-1|-1

2021-06-11 09:21:58,646 INFO PERFORMANCE:|11|0|-1|-1

2021-06-11 09:50:50,716 INFO PERFORMANCE:|11|0|-1|-1

2021-06-11 10:24:28,004 INFO PERFORMANCE:|11|0|-1|-1

2021-06-11 10:58:05,331 INFO PERFORMANCE:|11|0|-1|-1

2021-06-11 11:31:49,321 INFO PERFORMANCE:|11|0|-1|-1

2021-06-11 12:05:35,992 INFO PERFORMANCE:|11|0|-1|-1

